[0.006s] Invoking command in '/home/legit0108/Robohan/Tourobo2024ROS2_omni_sim/build/omni_sim': CMAKE_PREFIX_PATH=${CMAKE_PREFIX_PATH}:/opt/ros/humble /usr/bin/cmake --build /home/legit0108/Robohan/Tourobo2024ROS2_omni_sim/build/omni_sim -- -j16 -l16
[0.041s] [ 50%] Built target omni_control
[0.049s] [35m[1mConsolidate compiler generated dependencies of target odom_tf_converter[0m
[0.059s] [ 75%] [32mBuilding CXX object CMakeFiles/odom_tf_converter.dir/src/odom_tf_converter.cpp.o[0m
[1.250s] [01m[K/home/legit0108/Robohan/Tourobo2024ROS2_omni_sim/src/odom_tf_converter.cpp:[m[K In member function â€˜[01m[Kvoid OmniRobotController::OdomToTf::odomCallback(const Odometry&)[m[Kâ€™:
[1.250s] [01m[K/home/legit0108/Robohan/Tourobo2024ROS2_omni_sim/src/odom_tf_converter.cpp:22:33:[m[K [01;31m[Kerror: [m[Kâ€˜[01m[K_msg[m[Kâ€™ was not declared in this scope; did you mean â€˜[01m[Ktf_msg[m[Kâ€™?
[1.250s]    22 |                 tf_msg.header = [01;31m[K_msg[m[K.header;
[1.250s]       |                                 [01;31m[K^~~~[m[K
[1.250s]       |                                 [32m[Ktf_msg[m[K
[2.599s] gmake[2]: *** [CMakeFiles/odom_tf_converter.dir/build.make:76: CMakeFiles/odom_tf_converter.dir/src/odom_tf_converter.cpp.o] ã‚¨ãƒ©ãƒ¼ 1
[2.599s] gmake[1]: *** [CMakeFiles/Makefile2:165: CMakeFiles/odom_tf_converter.dir/all] ã‚¨ãƒ©ãƒ¼ 2
[2.599s] gmake: *** [Makefile:146: all] ã‚¨ãƒ©ãƒ¼ 2
[2.600s] Invoked command in '/home/legit0108/Robohan/Tourobo2024ROS2_omni_sim/build/omni_sim' returned '2': CMAKE_PREFIX_PATH=${CMAKE_PREFIX_PATH}:/opt/ros/humble /usr/bin/cmake --build /home/legit0108/Robohan/Tourobo2024ROS2_omni_sim/build/omni_sim -- -j16 -l16
